{"C:\\Users\\PONTO\\Desktop\\trabalho-final\\turma-905-testes-automatizados\\projeto-final\\src\\app.js": {"path":"C:\\Users\\PONTO\\Desktop\\trabalho-final\\turma-905-testes-automatizados\\projeto-final\\src\\app.js","all":false,"statementMap":{"0":{"start":{"line":1,"column":0},"end":{"line":1,"column":34}},"1":{"start":{"line":2,"column":0},"end":{"line":2,"column":0}},"2":{"start":{"line":3,"column":0},"end":{"line":3,"column":34}},"3":{"start":{"line":4,"column":0},"end":{"line":4,"column":0}},"4":{"start":{"line":5,"column":0},"end":{"line":5,"column":16}},"5":{"start":{"line":6,"column":0},"end":{"line":6,"column":24}},"6":{"start":{"line":7,"column":0},"end":{"line":7,"column":26}},"7":{"start":{"line":8,"column":0},"end":{"line":8,"column":18}},"8":{"start":{"line":9,"column":0},"end":{"line":9,"column":0}},"9":{"start":{"line":10,"column":0},"end":{"line":10,"column":23}}},"s":{"0":1,"1":1,"2":1,"3":1,"4":1,"5":1,"6":1,"7":1,"8":1,"9":1},"branchMap":{},"b":{},"fnMap":{},"f":{}}
,"C:\\Users\\PONTO\\Desktop\\trabalho-final\\turma-905-testes-automatizados\\projeto-final\\src\\routes.js": {"path":"C:\\Users\\PONTO\\Desktop\\trabalho-final\\turma-905-testes-automatizados\\projeto-final\\src\\routes.js","all":false,"statementMap":{"0":{"start":{"line":1,"column":0},"end":{"line":1,"column":37}},"1":{"start":{"line":2,"column":0},"end":{"line":2,"column":63}},"2":{"start":{"line":3,"column":0},"end":{"line":3,"column":57}},"3":{"start":{"line":4,"column":0},"end":{"line":4,"column":51}},"4":{"start":{"line":5,"column":0},"end":{"line":5,"column":0}},"5":{"start":{"line":6,"column":0},"end":{"line":6,"column":27}},"6":{"start":{"line":7,"column":0},"end":{"line":7,"column":0}},"7":{"start":{"line":8,"column":0},"end":{"line":8,"column":43}},"8":{"start":{"line":9,"column":0},"end":{"line":9,"column":49}},"9":{"start":{"line":10,"column":0},"end":{"line":10,"column":0}},"10":{"start":{"line":11,"column":0},"end":{"line":11,"column":77}},"11":{"start":{"line":12,"column":0},"end":{"line":12,"column":0}},"12":{"start":{"line":13,"column":0},"end":{"line":13,"column":23}}},"s":{"0":1,"1":1,"2":1,"3":1,"4":1,"5":1,"6":1,"7":1,"8":1,"9":1,"10":1,"11":1,"12":1},"branchMap":{},"b":{},"fnMap":{},"f":{}}
,"C:\\Users\\PONTO\\Desktop\\trabalho-final\\turma-905-testes-automatizados\\projeto-final\\src\\controllers\\session-ctrl.js": {"path":"C:\\Users\\PONTO\\Desktop\\trabalho-final\\turma-905-testes-automatizados\\projeto-final\\src\\controllers\\session-ctrl.js","all":false,"statementMap":{"0":{"start":{"line":1,"column":0},"end":{"line":1,"column":61}},"1":{"start":{"line":2,"column":0},"end":{"line":2,"column":55}},"2":{"start":{"line":3,"column":0},"end":{"line":3,"column":49}},"3":{"start":{"line":4,"column":0},"end":{"line":4,"column":0}},"4":{"start":{"line":5,"column":0},"end":{"line":5,"column":25}},"5":{"start":{"line":6,"column":0},"end":{"line":6,"column":35}},"6":{"start":{"line":7,"column":0},"end":{"line":7,"column":13}},"7":{"start":{"line":8,"column":0},"end":{"line":8,"column":48}},"8":{"start":{"line":9,"column":0},"end":{"line":9,"column":4}},"9":{"start":{"line":10,"column":0},"end":{"line":10,"column":39}},"10":{"start":{"line":11,"column":0},"end":{"line":11,"column":63}},"11":{"start":{"line":12,"column":0},"end":{"line":12,"column":13}},"12":{"start":{"line":13,"column":0},"end":{"line":13,"column":12}},"13":{"start":{"line":14,"column":0},"end":{"line":14,"column":27}},"14":{"start":{"line":15,"column":0},"end":{"line":15,"column":63}},"15":{"start":{"line":16,"column":0},"end":{"line":16,"column":13}},"16":{"start":{"line":17,"column":0},"end":{"line":17,"column":0}},"17":{"start":{"line":18,"column":0},"end":{"line":18,"column":84}},"18":{"start":{"line":19,"column":0},"end":{"line":19,"column":72}},"19":{"start":{"line":20,"column":0},"end":{"line":20,"column":13}},"20":{"start":{"line":21,"column":0},"end":{"line":21,"column":4}},"21":{"start":{"line":22,"column":0},"end":{"line":22,"column":71}},"22":{"start":{"line":23,"column":0},"end":{"line":23,"column":0}},"23":{"start":{"line":24,"column":0},"end":{"line":24,"column":40}},"24":{"start":{"line":25,"column":0},"end":{"line":25,"column":50}},"25":{"start":{"line":26,"column":0},"end":{"line":26,"column":25}},"26":{"start":{"line":27,"column":0},"end":{"line":27,"column":88}},"27":{"start":{"line":28,"column":0},"end":{"line":28,"column":9}},"28":{"start":{"line":29,"column":0},"end":{"line":29,"column":5}},"29":{"start":{"line":30,"column":0},"end":{"line":30,"column":1}},"30":{"start":{"line":31,"column":0},"end":{"line":31,"column":0}},"31":{"start":{"line":32,"column":0},"end":{"line":32,"column":34}}},"s":{"0":1,"1":1,"2":1,"3":1,"4":1,"5":1,"6":16,"7":16,"8":16,"9":16,"10":3,"11":3,"12":13,"13":16,"14":2,"15":2,"16":11,"17":16,"18":4,"19":4,"20":4,"21":4,"22":3,"23":3,"24":3,"25":13,"26":13,"27":13,"28":16,"29":1,"30":1,"31":1},"branchMap":{"0":{"type":"branch","line":6,"loc":{"start":{"line":6,"column":4},"end":{"line":29,"column":5}},"locations":[{"start":{"line":6,"column":4},"end":{"line":29,"column":5}}]},"1":{"type":"branch","line":10,"loc":{"start":{"line":10,"column":38},"end":{"line":12,"column":13}},"locations":[{"start":{"line":10,"column":38},"end":{"line":12,"column":13}}]},"2":{"type":"branch","line":12,"loc":{"start":{"line":12,"column":12},"end":{"line":14,"column":26}},"locations":[{"start":{"line":12,"column":12},"end":{"line":14,"column":26}}]},"3":{"type":"branch","line":14,"loc":{"start":{"line":14,"column":26},"end":{"line":16,"column":13}},"locations":[{"start":{"line":14,"column":26},"end":{"line":16,"column":13}}]},"4":{"type":"branch","line":16,"loc":{"start":{"line":16,"column":12},"end":{"line":18,"column":81}},"locations":[{"start":{"line":16,"column":12},"end":{"line":18,"column":81}}]},"5":{"type":"branch","line":18,"loc":{"start":{"line":18,"column":81},"end":{"line":18,"column":83}},"locations":[{"start":{"line":18,"column":81},"end":{"line":18,"column":83}}]},"6":{"type":"branch","line":18,"loc":{"start":{"line":18,"column":83},"end":{"line":28,"column":9}},"locations":[{"start":{"line":18,"column":83},"end":{"line":28,"column":9}}]},"7":{"type":"branch","line":18,"loc":{"start":{"line":18,"column":83},"end":{"line":20,"column":13}},"locations":[{"start":{"line":18,"column":83},"end":{"line":20,"column":13}}]},"8":{"type":"branch","line":20,"loc":{"start":{"line":20,"column":12},"end":{"line":26,"column":10}},"locations":[{"start":{"line":20,"column":12},"end":{"line":26,"column":10}}]},"9":{"type":"branch","line":20,"loc":{"start":{"line":20,"column":12},"end":{"line":22,"column":71}},"locations":[{"start":{"line":20,"column":12},"end":{"line":22,"column":71}}]},"10":{"type":"branch","line":23,"loc":{"start":{"line":23,"column":-2},"end":{"line":26,"column":10}},"locations":[{"start":{"line":23,"column":-2},"end":{"line":26,"column":10}}]},"11":{"type":"branch","line":27,"loc":{"start":{"line":27,"column":42},"end":{"line":27,"column":49}},"locations":[{"start":{"line":27,"column":42},"end":{"line":27,"column":49}}]},"12":{"type":"branch","line":27,"loc":{"start":{"line":27,"column":69},"end":{"line":27,"column":87}},"locations":[{"start":{"line":27,"column":69},"end":{"line":27,"column":87}}]}},"b":{"0":[16],"1":[3],"2":[13],"3":[2],"4":[11],"5":[8],"6":[13],"7":[4],"8":[8],"9":[4],"10":[3],"11":[1],"12":[1]},"fnMap":{"0":{"name":"create","decl":{"start":{"line":6,"column":4},"end":{"line":29,"column":5}},"loc":{"start":{"line":6,"column":4},"end":{"line":29,"column":5}},"line":6}},"f":{"0":16}}
,"C:\\Users\\PONTO\\Desktop\\trabalho-final\\turma-905-testes-automatizados\\projeto-final\\src\\controllers\\user-ctrl.js": {"path":"C:\\Users\\PONTO\\Desktop\\trabalho-final\\turma-905-testes-automatizados\\projeto-final\\src\\controllers\\user-ctrl.js","all":false,"statementMap":{"0":{"start":{"line":1,"column":0},"end":{"line":1,"column":55}},"1":{"start":{"line":2,"column":0},"end":{"line":2,"column":49}},"2":{"start":{"line":3,"column":0},"end":{"line":3,"column":0}},"3":{"start":{"line":4,"column":0},"end":{"line":4,"column":22}},"4":{"start":{"line":5,"column":0},"end":{"line":5,"column":35}},"5":{"start":{"line":6,"column":0},"end":{"line":6,"column":13}},"6":{"start":{"line":7,"column":0},"end":{"line":7,"column":54}},"7":{"start":{"line":8,"column":0},"end":{"line":8,"column":4}},"8":{"start":{"line":9,"column":0},"end":{"line":9,"column":39}},"9":{"start":{"line":10,"column":0},"end":{"line":10,"column":63}},"10":{"start":{"line":11,"column":0},"end":{"line":11,"column":13}},"11":{"start":{"line":12,"column":0},"end":{"line":12,"column":12}},"12":{"start":{"line":13,"column":0},"end":{"line":13,"column":27}},"13":{"start":{"line":14,"column":0},"end":{"line":14,"column":63}},"14":{"start":{"line":15,"column":0},"end":{"line":15,"column":13}},"15":{"start":{"line":16,"column":0},"end":{"line":16,"column":4}},"16":{"start":{"line":17,"column":0},"end":{"line":17,"column":82}},"17":{"start":{"line":18,"column":0},"end":{"line":18,"column":0}},"18":{"start":{"line":19,"column":0},"end":{"line":19,"column":47}},"19":{"start":{"line":20,"column":0},"end":{"line":20,"column":25}},"20":{"start":{"line":21,"column":0},"end":{"line":21,"column":88}},"21":{"start":{"line":22,"column":0},"end":{"line":22,"column":9}},"22":{"start":{"line":23,"column":0},"end":{"line":23,"column":5}},"23":{"start":{"line":24,"column":0},"end":{"line":24,"column":0}},"24":{"start":{"line":25,"column":0},"end":{"line":25,"column":43}},"25":{"start":{"line":26,"column":0},"end":{"line":26,"column":40}},"26":{"start":{"line":27,"column":0},"end":{"line":27,"column":8}},"27":{"start":{"line":28,"column":0},"end":{"line":28,"column":41}},"28":{"start":{"line":29,"column":0},"end":{"line":29,"column":53}},"29":{"start":{"line":30,"column":0},"end":{"line":30,"column":5}},"30":{"start":{"line":31,"column":0},"end":{"line":31,"column":1}},"31":{"start":{"line":32,"column":0},"end":{"line":32,"column":0}},"32":{"start":{"line":33,"column":0},"end":{"line":33,"column":31}}},"s":{"0":1,"1":1,"2":1,"3":1,"4":1,"5":3,"6":3,"7":3,"8":3,"9":1,"10":1,"11":2,"12":3,"13":1,"14":1,"15":1,"16":1,"17":1,"18":1,"19":3,"20":2,"21":2,"22":3,"23":1,"24":1,"25":0,"26":0,"27":0,"28":0,"29":0,"30":1,"31":1,"32":1},"branchMap":{"0":{"type":"branch","line":5,"loc":{"start":{"line":5,"column":4},"end":{"line":23,"column":5}},"locations":[{"start":{"line":5,"column":4},"end":{"line":23,"column":5}}]},"1":{"type":"branch","line":9,"loc":{"start":{"line":9,"column":38},"end":{"line":11,"column":13}},"locations":[{"start":{"line":9,"column":38},"end":{"line":11,"column":13}}]},"2":{"type":"branch","line":11,"loc":{"start":{"line":11,"column":12},"end":{"line":13,"column":26}},"locations":[{"start":{"line":11,"column":12},"end":{"line":13,"column":26}}]},"3":{"type":"branch","line":13,"loc":{"start":{"line":13,"column":26},"end":{"line":20,"column":10}},"locations":[{"start":{"line":13,"column":26},"end":{"line":20,"column":10}}]},"4":{"type":"branch","line":20,"loc":{"start":{"line":20,"column":10},"end":{"line":22,"column":9}},"locations":[{"start":{"line":20,"column":10},"end":{"line":22,"column":9}}]},"5":{"type":"branch","line":21,"loc":{"start":{"line":21,"column":42},"end":{"line":21,"column":49}},"locations":[{"start":{"line":21,"column":42},"end":{"line":21,"column":49}}]},"6":{"type":"branch","line":21,"loc":{"start":{"line":21,"column":69},"end":{"line":21,"column":87}},"locations":[{"start":{"line":21,"column":69},"end":{"line":21,"column":87}}]}},"b":{"0":[3],"1":[1],"2":[2],"3":[1],"4":[2],"5":[0],"6":[0]},"fnMap":{"0":{"name":"create","decl":{"start":{"line":5,"column":4},"end":{"line":23,"column":5}},"loc":{"start":{"line":5,"column":4},"end":{"line":23,"column":5}},"line":5},"1":{"name":"changePassword","decl":{"start":{"line":25,"column":4},"end":{"line":30,"column":5}},"loc":{"start":{"line":25,"column":4},"end":{"line":30,"column":5}},"line":25}},"f":{"0":3,"1":0}}
,"C:\\Users\\PONTO\\Desktop\\trabalho-final\\turma-905-testes-automatizados\\projeto-final\\src\\middlewares\\auth.js": {"path":"C:\\Users\\PONTO\\Desktop\\trabalho-final\\turma-905-testes-automatizados\\projeto-final\\src\\middlewares\\auth.js","all":false,"statementMap":{"0":{"start":{"line":1,"column":0},"end":{"line":1,"column":35}},"1":{"start":{"line":2,"column":0},"end":{"line":2,"column":0}},"2":{"start":{"line":3,"column":0},"end":{"line":3,"column":44}},"3":{"start":{"line":4,"column":0},"end":{"line":4,"column":36}},"4":{"start":{"line":5,"column":0},"end":{"line":5,"column":72}},"5":{"start":{"line":6,"column":0},"end":{"line":6,"column":5}},"6":{"start":{"line":7,"column":0},"end":{"line":7,"column":0}},"7":{"start":{"line":8,"column":0},"end":{"line":8,"column":59}},"8":{"start":{"line":9,"column":0},"end":{"line":9,"column":0}},"9":{"start":{"line":10,"column":0},"end":{"line":10,"column":9}},"10":{"start":{"line":11,"column":0},"end":{"line":11,"column":71}},"11":{"start":{"line":12,"column":0},"end":{"line":12,"column":0}},"12":{"start":{"line":13,"column":0},"end":{"line":13,"column":28}},"13":{"start":{"line":14,"column":0},"end":{"line":14,"column":0}},"14":{"start":{"line":15,"column":0},"end":{"line":15,"column":37}},"15":{"start":{"line":16,"column":0},"end":{"line":16,"column":0}},"16":{"start":{"line":17,"column":0},"end":{"line":17,"column":14}},"17":{"start":{"line":18,"column":0},"end":{"line":18,"column":21}},"18":{"start":{"line":19,"column":0},"end":{"line":19,"column":61}},"19":{"start":{"line":20,"column":0},"end":{"line":20,"column":5}},"20":{"start":{"line":21,"column":0},"end":{"line":21,"column":1}}},"s":{"0":1,"1":1,"2":1,"3":0,"4":0,"5":0,"6":0,"7":0,"8":0,"9":0,"10":0,"11":0,"12":0,"13":0,"14":0,"15":0,"16":0,"17":0,"18":0,"19":0,"20":0},"branchMap":{},"b":{},"fnMap":{"0":{"name":"Object.<anonymous>.module.exports","decl":{"start":{"line":3,"column":17},"end":{"line":21,"column":1}},"loc":{"start":{"line":3,"column":17},"end":{"line":21,"column":1}},"line":3}},"f":{"0":0}}
,"C:\\Users\\PONTO\\Desktop\\trabalho-final\\turma-905-testes-automatizados\\projeto-final\\src\\schemas\\User.js": {"path":"C:\\Users\\PONTO\\Desktop\\trabalho-final\\turma-905-testes-automatizados\\projeto-final\\src\\schemas\\User.js","all":false,"statementMap":{"0":{"start":{"line":1,"column":0},"end":{"line":1,"column":36}},"1":{"start":{"line":2,"column":0},"end":{"line":2,"column":0}},"2":{"start":{"line":3,"column":0},"end":{"line":3,"column":36}},"3":{"start":{"line":4,"column":0},"end":{"line":4,"column":17}},"4":{"start":{"line":5,"column":0},"end":{"line":5,"column":18}},"5":{"start":{"line":6,"column":0},"end":{"line":6,"column":20}},"6":{"start":{"line":7,"column":0},"end":{"line":7,"column":2}},"7":{"start":{"line":8,"column":0},"end":{"line":8,"column":0}},"8":{"start":{"line":9,"column":0},"end":{"line":9,"column":51}}},"s":{"0":1,"1":1,"2":1,"3":1,"4":1,"5":1,"6":1,"7":1,"8":1},"branchMap":{},"b":{},"fnMap":{},"f":{}}
,"C:\\Users\\PONTO\\Desktop\\trabalho-final\\turma-905-testes-automatizados\\projeto-final\\src\\services\\session-service.js": {"path":"C:\\Users\\PONTO\\Desktop\\trabalho-final\\turma-905-testes-automatizados\\projeto-final\\src\\services\\session-service.js","all":false,"statementMap":{"0":{"start":{"line":1,"column":0},"end":{"line":1,"column":35}},"1":{"start":{"line":2,"column":0},"end":{"line":2,"column":0}},"2":{"start":{"line":3,"column":0},"end":{"line":3,"column":22}},"3":{"start":{"line":4,"column":0},"end":{"line":4,"column":37}},"4":{"start":{"line":5,"column":0},"end":{"line":5,"column":60}},"5":{"start":{"line":6,"column":0},"end":{"line":6,"column":28}},"6":{"start":{"line":7,"column":0},"end":{"line":7,"column":10}},"7":{"start":{"line":8,"column":0},"end":{"line":8,"column":5}},"8":{"start":{"line":9,"column":0},"end":{"line":9,"column":1}},"9":{"start":{"line":10,"column":0},"end":{"line":10,"column":0}},"10":{"start":{"line":11,"column":0},"end":{"line":11,"column":31}}},"s":{"0":1,"1":1,"2":1,"3":1,"4":3,"5":3,"6":3,"7":3,"8":1,"9":1,"10":1},"branchMap":{"0":{"type":"branch","line":4,"loc":{"start":{"line":4,"column":11},"end":{"line":8,"column":5}},"locations":[{"start":{"line":4,"column":11},"end":{"line":8,"column":5}}]}},"b":{"0":[3]},"fnMap":{"0":{"name":"generateToken","decl":{"start":{"line":4,"column":11},"end":{"line":8,"column":5}},"loc":{"start":{"line":4,"column":11},"end":{"line":8,"column":5}},"line":4}},"f":{"0":3}}
,"C:\\Users\\PONTO\\Desktop\\trabalho-final\\turma-905-testes-automatizados\\projeto-final\\src\\services\\user-service.js": {"path":"C:\\Users\\PONTO\\Desktop\\trabalho-final\\turma-905-testes-automatizados\\projeto-final\\src\\services\\user-service.js","all":false,"statementMap":{"0":{"start":{"line":1,"column":0},"end":{"line":1,"column":39}},"1":{"start":{"line":2,"column":0},"end":{"line":2,"column":0}},"2":{"start":{"line":3,"column":0},"end":{"line":3,"column":19}},"3":{"start":{"line":4,"column":0},"end":{"line":4,"column":56}},"4":{"start":{"line":5,"column":0},"end":{"line":5,"column":42}},"5":{"start":{"line":6,"column":0},"end":{"line":6,"column":17}},"6":{"start":{"line":7,"column":0},"end":{"line":7,"column":18}},"7":{"start":{"line":8,"column":0},"end":{"line":8,"column":20}},"8":{"start":{"line":9,"column":0},"end":{"line":9,"column":10}},"9":{"start":{"line":10,"column":0},"end":{"line":10,"column":0}},"10":{"start":{"line":11,"column":0},"end":{"line":11,"column":21}},"11":{"start":{"line":12,"column":0},"end":{"line":12,"column":5}},"12":{"start":{"line":13,"column":0},"end":{"line":13,"column":0}},"13":{"start":{"line":14,"column":0},"end":{"line":14,"column":64}},"14":{"start":{"line":15,"column":0},"end":{"line":15,"column":50}},"15":{"start":{"line":16,"column":0},"end":{"line":16,"column":0}},"16":{"start":{"line":17,"column":0},"end":{"line":17,"column":19}},"17":{"start":{"line":18,"column":0},"end":{"line":18,"column":24}},"18":{"start":{"line":19,"column":0},"end":{"line":19,"column":9}},"19":{"start":{"line":20,"column":0},"end":{"line":20,"column":0}},"20":{"start":{"line":21,"column":0},"end":{"line":21,"column":40}},"21":{"start":{"line":22,"column":0},"end":{"line":22,"column":65}},"22":{"start":{"line":23,"column":0},"end":{"line":23,"column":9}},"23":{"start":{"line":24,"column":0},"end":{"line":24,"column":0}},"24":{"start":{"line":25,"column":0},"end":{"line":25,"column":19}},"25":{"start":{"line":26,"column":0},"end":{"line":26,"column":5}},"26":{"start":{"line":27,"column":0},"end":{"line":27,"column":1}},"27":{"start":{"line":28,"column":0},"end":{"line":28,"column":0}},"28":{"start":{"line":29,"column":0},"end":{"line":29,"column":28}}},"s":{"0":1,"1":1,"2":1,"3":1,"4":1,"5":1,"6":1,"7":1,"8":1,"9":1,"10":1,"11":1,"12":1,"13":1,"14":11,"15":11,"16":11,"17":4,"18":4,"19":7,"20":11,"21":3,"22":3,"23":4,"24":4,"25":4,"26":1,"27":1,"28":1},"branchMap":{"0":{"type":"branch","line":4,"loc":{"start":{"line":4,"column":4},"end":{"line":12,"column":5}},"locations":[{"start":{"line":4,"column":4},"end":{"line":12,"column":5}}]},"1":{"type":"branch","line":14,"loc":{"start":{"line":14,"column":4},"end":{"line":26,"column":5}},"locations":[{"start":{"line":14,"column":4},"end":{"line":26,"column":5}}]},"2":{"type":"branch","line":17,"loc":{"start":{"line":17,"column":18},"end":{"line":21,"column":39}},"locations":[{"start":{"line":17,"column":18},"end":{"line":21,"column":39}}]},"3":{"type":"branch","line":17,"loc":{"start":{"line":17,"column":18},"end":{"line":19,"column":9}},"locations":[{"start":{"line":17,"column":18},"end":{"line":19,"column":9}}]},"4":{"type":"branch","line":19,"loc":{"start":{"line":19,"column":8},"end":{"line":21,"column":39}},"locations":[{"start":{"line":19,"column":8},"end":{"line":21,"column":39}}]},"5":{"type":"branch","line":21,"loc":{"start":{"line":21,"column":39},"end":{"line":26,"column":5}},"locations":[{"start":{"line":21,"column":39},"end":{"line":26,"column":5}}]},"6":{"type":"branch","line":21,"loc":{"start":{"line":21,"column":39},"end":{"line":23,"column":9}},"locations":[{"start":{"line":21,"column":39},"end":{"line":23,"column":9}}]},"7":{"type":"branch","line":23,"loc":{"start":{"line":23,"column":8},"end":{"line":26,"column":5}},"locations":[{"start":{"line":23,"column":8},"end":{"line":26,"column":5}}]}},"b":{"0":[1],"1":[11],"2":[9],"3":[4],"4":[7],"5":[6],"6":[3],"7":[4]},"fnMap":{"0":{"name":"createUser","decl":{"start":{"line":4,"column":4},"end":{"line":12,"column":5}},"loc":{"start":{"line":4,"column":4},"end":{"line":12,"column":5}},"line":4},"1":{"name":"userExistsAndCheckPassword","decl":{"start":{"line":14,"column":4},"end":{"line":26,"column":5}},"loc":{"start":{"line":14,"column":4},"end":{"line":26,"column":5}},"line":14}},"f":{"0":1,"1":11}}
,"C:\\Users\\PONTO\\Desktop\\trabalho-final\\turma-905-testes-automatizados\\projeto-final\\src\\utils\\email-validator.js": {"path":"C:\\Users\\PONTO\\Desktop\\trabalho-final\\turma-905-testes-automatizados\\projeto-final\\src\\utils\\email-validator.js","all":false,"statementMap":{"0":{"start":{"line":1,"column":0},"end":{"line":1,"column":13}},"1":{"start":{"line":2,"column":0},"end":{"line":2,"column":27}},"2":{"start":{"line":3,"column":0},"end":{"line":3,"column":20}},"3":{"start":{"line":4,"column":0},"end":{"line":4,"column":24}},"4":{"start":{"line":5,"column":0},"end":{"line":5,"column":9}},"5":{"start":{"line":6,"column":0},"end":{"line":6,"column":0}},"6":{"start":{"line":7,"column":0},"end":{"line":7,"column":78}},"7":{"start":{"line":8,"column":0},"end":{"line":8,"column":34}},"8":{"start":{"line":9,"column":0},"end":{"line":9,"column":5}},"9":{"start":{"line":10,"column":0},"end":{"line":10,"column":1}},"10":{"start":{"line":11,"column":0},"end":{"line":11,"column":0}},"11":{"start":{"line":12,"column":0},"end":{"line":12,"column":22}}},"s":{"0":1,"1":1,"2":22,"3":2,"4":2,"5":20,"6":20,"7":20,"8":20,"9":1,"10":1,"11":1},"branchMap":{"0":{"type":"branch","line":2,"loc":{"start":{"line":2,"column":11},"end":{"line":9,"column":5}},"locations":[{"start":{"line":2,"column":11},"end":{"line":9,"column":5}}]},"1":{"type":"branch","line":3,"loc":{"start":{"line":3,"column":19},"end":{"line":5,"column":9}},"locations":[{"start":{"line":3,"column":19},"end":{"line":5,"column":9}}]},"2":{"type":"branch","line":5,"loc":{"start":{"line":5,"column":8},"end":{"line":9,"column":5}},"locations":[{"start":{"line":5,"column":8},"end":{"line":9,"column":5}}]}},"b":{"0":[22],"1":[2],"2":[20]},"fnMap":{"0":{"name":"isValid","decl":{"start":{"line":2,"column":11},"end":{"line":9,"column":5}},"loc":{"start":{"line":2,"column":11},"end":{"line":9,"column":5}},"line":2}},"f":{"0":22}}
,"C:\\Users\\PONTO\\Desktop\\trabalho-final\\turma-905-testes-automatizados\\projeto-final\\tests\\mocks\\controllers-mocks.js": {"path":"C:\\Users\\PONTO\\Desktop\\trabalho-final\\turma-905-testes-automatizados\\projeto-final\\tests\\mocks\\controllers-mocks.js","all":false,"statementMap":{"0":{"start":{"line":1,"column":0},"end":{"line":1,"column":44}},"1":{"start":{"line":2,"column":0},"end":{"line":2,"column":0}},"2":{"start":{"line":3,"column":0},"end":{"line":3,"column":21}},"3":{"start":{"line":4,"column":0},"end":{"line":4,"column":11}},"4":{"start":{"line":5,"column":0},"end":{"line":5,"column":36}},"5":{"start":{"line":6,"column":0},"end":{"line":6,"column":38}},"6":{"start":{"line":7,"column":0},"end":{"line":7,"column":43}},"7":{"start":{"line":8,"column":0},"end":{"line":8,"column":5}},"8":{"start":{"line":9,"column":0},"end":{"line":9,"column":1}},"9":{"start":{"line":10,"column":0},"end":{"line":10,"column":0}},"10":{"start":{"line":11,"column":0},"end":{"line":11,"column":38}},"11":{"start":{"line":12,"column":0},"end":{"line":12,"column":13}},"12":{"start":{"line":13,"column":0},"end":{"line":13,"column":18}},"13":{"start":{"line":14,"column":0},"end":{"line":14,"column":5}},"14":{"start":{"line":15,"column":0},"end":{"line":15,"column":1}},"15":{"start":{"line":16,"column":0},"end":{"line":16,"column":0}},"16":{"start":{"line":17,"column":0},"end":{"line":17,"column":36}},"17":{"start":{"line":18,"column":0},"end":{"line":18,"column":11}},"18":{"start":{"line":19,"column":0},"end":{"line":19,"column":36}},"19":{"start":{"line":20,"column":0},"end":{"line":20,"column":38}},"20":{"start":{"line":21,"column":0},"end":{"line":21,"column":5}},"21":{"start":{"line":22,"column":0},"end":{"line":22,"column":1}},"22":{"start":{"line":23,"column":0},"end":{"line":23,"column":0}},"23":{"start":{"line":24,"column":0},"end":{"line":24,"column":33}},"24":{"start":{"line":25,"column":0},"end":{"line":25,"column":11}},"25":{"start":{"line":26,"column":0},"end":{"line":26,"column":36}},"26":{"start":{"line":27,"column":0},"end":{"line":27,"column":43}},"27":{"start":{"line":28,"column":0},"end":{"line":28,"column":5}},"28":{"start":{"line":29,"column":0},"end":{"line":29,"column":1}},"29":{"start":{"line":30,"column":0},"end":{"line":30,"column":0}},"30":{"start":{"line":31,"column":0},"end":{"line":31,"column":22}},"31":{"start":{"line":32,"column":0},"end":{"line":32,"column":29}},"32":{"start":{"line":33,"column":0},"end":{"line":33,"column":16}},"33":{"start":{"line":34,"column":0},"end":{"line":34,"column":33}},"34":{"start":{"line":35,"column":0},"end":{"line":35,"column":24}},"35":{"start":{"line":36,"column":0},"end":{"line":36,"column":39}},"36":{"start":{"line":37,"column":0},"end":{"line":37,"column":34}},"37":{"start":{"line":38,"column":0},"end":{"line":38,"column":17}},"38":{"start":{"line":39,"column":0},"end":{"line":39,"column":13}},"39":{"start":{"line":40,"column":0},"end":{"line":40,"column":9}},"40":{"start":{"line":41,"column":0},"end":{"line":41,"column":5}},"41":{"start":{"line":42,"column":0},"end":{"line":42,"column":1}},"42":{"start":{"line":43,"column":0},"end":{"line":43,"column":0}},"43":{"start":{"line":44,"column":0},"end":{"line":44,"column":0}},"44":{"start":{"line":45,"column":0},"end":{"line":45,"column":18}},"45":{"start":{"line":46,"column":0},"end":{"line":46,"column":17}},"46":{"start":{"line":47,"column":0},"end":{"line":47,"column":16}},"47":{"start":{"line":48,"column":0},"end":{"line":48,"column":28}},"48":{"start":{"line":49,"column":0},"end":{"line":49,"column":31}},"49":{"start":{"line":50,"column":0},"end":{"line":50,"column":22}},"50":{"start":{"line":51,"column":0},"end":{"line":51,"column":1}}},"s":{"0":1,"1":1,"2":1,"3":1,"4":1,"5":1,"6":1,"7":1,"8":1,"9":1,"10":1,"11":8,"12":8,"13":8,"14":8,"15":1,"16":1,"17":1,"18":1,"19":1,"20":1,"21":1,"22":1,"23":1,"24":1,"25":1,"26":1,"27":1,"28":1,"29":1,"30":1,"31":1,"32":15,"33":15,"34":15,"35":15,"36":15,"37":15,"38":15,"39":15,"40":15,"41":1,"42":1,"43":1,"44":1,"45":1,"46":1,"47":1,"48":1,"49":1,"50":1},"branchMap":{"0":{"type":"branch","line":11,"loc":{"start":{"line":11,"column":28},"end":{"line":15,"column":1}},"locations":[{"start":{"line":11,"column":28},"end":{"line":15,"column":1}}]},"1":{"type":"branch","line":32,"loc":{"start":{"line":32,"column":13},"end":{"line":41,"column":5}},"locations":[{"start":{"line":32,"column":13},"end":{"line":41,"column":5}}]},"2":{"type":"branch","line":34,"loc":{"start":{"line":34,"column":19},"end":{"line":39,"column":13}},"locations":[{"start":{"line":34,"column":19},"end":{"line":39,"column":13}}]}},"b":{"0":[8],"1":[15],"2":[15]},"fnMap":{"0":{"name":"requestMockByParam","decl":{"start":{"line":11,"column":28},"end":{"line":15,"column":1}},"loc":{"start":{"line":11,"column":28},"end":{"line":15,"column":1}},"line":11},"1":{"name":"status","decl":{"start":{"line":32,"column":13},"end":{"line":41,"column":5}},"loc":{"start":{"line":32,"column":13},"end":{"line":41,"column":5}},"line":32},"2":{"name":"json","decl":{"start":{"line":34,"column":19},"end":{"line":39,"column":13}},"loc":{"start":{"line":34,"column":19},"end":{"line":39,"column":13}},"line":34}},"f":{"0":8,"1":15,"2":15}}
}
