TN:
SF:src\app.js
FNF:0
FNH:0
DA:1,1
DA:2,1
DA:3,1
DA:4,1
DA:5,1
DA:6,1
DA:7,1
DA:8,1
DA:9,1
DA:10,1
LF:10
LH:10
BRF:0
BRH:0
end_of_record
TN:
SF:src\routes.js
FNF:0
FNH:0
DA:1,1
DA:2,1
DA:3,1
DA:4,1
DA:5,1
DA:6,1
DA:7,1
DA:8,1
DA:9,1
DA:10,1
DA:11,1
DA:12,1
DA:13,1
LF:13
LH:13
BRF:0
BRH:0
end_of_record
TN:
SF:src\controllers\session-ctrl.js
FN:6,create
FNF:1
FNH:1
FNDA:16,create
DA:1,1
DA:2,1
DA:3,1
DA:4,1
DA:5,1
DA:6,1
DA:7,16
DA:8,16
DA:9,16
DA:10,16
DA:11,3
DA:12,3
DA:13,13
DA:14,16
DA:15,2
DA:16,2
DA:17,11
DA:18,16
DA:19,4
DA:20,4
DA:21,4
DA:22,4
DA:23,3
DA:24,3
DA:25,3
DA:26,13
DA:27,13
DA:28,13
DA:29,16
DA:30,1
DA:31,1
DA:32,1
LF:32
LH:32
BRDA:6,0,0,16
BRDA:10,1,0,3
BRDA:12,2,0,13
BRDA:14,3,0,2
BRDA:16,4,0,11
BRDA:18,5,0,8
BRDA:18,6,0,13
BRDA:18,7,0,4
BRDA:20,8,0,8
BRDA:20,9,0,4
BRDA:23,10,0,3
BRDA:27,11,0,1
BRDA:27,12,0,1
BRF:13
BRH:13
end_of_record
TN:
SF:src\controllers\user-ctrl.js
FN:5,create
FN:25,changePassword
FNF:2
FNH:1
FNDA:3,create
FNDA:0,changePassword
DA:1,1
DA:2,1
DA:3,1
DA:4,1
DA:5,1
DA:6,3
DA:7,3
DA:8,3
DA:9,3
DA:10,1
DA:11,1
DA:12,2
DA:13,3
DA:14,1
DA:15,1
DA:16,1
DA:17,1
DA:18,1
DA:19,1
DA:20,3
DA:21,2
DA:22,2
DA:23,3
DA:24,1
DA:25,1
DA:26,0
DA:27,0
DA:28,0
DA:29,0
DA:30,0
DA:31,1
DA:32,1
DA:33,1
LF:33
LH:28
BRDA:5,0,0,3
BRDA:9,1,0,1
BRDA:11,2,0,2
BRDA:13,3,0,1
BRDA:20,4,0,2
BRDA:21,5,0,0
BRDA:21,6,0,0
BRF:7
BRH:5
end_of_record
TN:
SF:src\middlewares\auth.js
FN:3,Object.<anonymous>.module.exports
FNF:1
FNH:0
FNDA:0,Object.<anonymous>.module.exports
DA:1,1
DA:2,1
DA:3,1
DA:4,0
DA:5,0
DA:6,0
DA:7,0
DA:8,0
DA:9,0
DA:10,0
DA:11,0
DA:12,0
DA:13,0
DA:14,0
DA:15,0
DA:16,0
DA:17,0
DA:18,0
DA:19,0
DA:20,0
DA:21,0
LF:21
LH:3
BRF:0
BRH:0
end_of_record
TN:
SF:src\schemas\User.js
FNF:0
FNH:0
DA:1,1
DA:2,1
DA:3,1
DA:4,1
DA:5,1
DA:6,1
DA:7,1
DA:8,1
DA:9,1
LF:9
LH:9
BRF:0
BRH:0
end_of_record
TN:
SF:src\services\session-service.js
FN:4,generateToken
FNF:1
FNH:1
FNDA:3,generateToken
DA:1,1
DA:2,1
DA:3,1
DA:4,1
DA:5,3
DA:6,3
DA:7,3
DA:8,3
DA:9,1
DA:10,1
DA:11,1
LF:11
LH:11
BRDA:4,0,0,3
BRF:1
BRH:1
end_of_record
TN:
SF:src\services\user-service.js
FN:4,createUser
FN:14,userExistsAndCheckPassword
FNF:2
FNH:2
FNDA:1,createUser
FNDA:11,userExistsAndCheckPassword
DA:1,1
DA:2,1
DA:3,1
DA:4,1
DA:5,1
DA:6,1
DA:7,1
DA:8,1
DA:9,1
DA:10,1
DA:11,1
DA:12,1
DA:13,1
DA:14,1
DA:15,11
DA:16,11
DA:17,11
DA:18,4
DA:19,4
DA:20,7
DA:21,11
DA:22,3
DA:23,3
DA:24,4
DA:25,4
DA:26,4
DA:27,1
DA:28,1
DA:29,1
LF:29
LH:29
BRDA:4,0,0,1
BRDA:14,1,0,11
BRDA:17,2,0,9
BRDA:17,3,0,4
BRDA:19,4,0,7
BRDA:21,5,0,6
BRDA:21,6,0,3
BRDA:23,7,0,4
BRF:8
BRH:8
end_of_record
TN:
SF:src\utils\email-validator.js
FN:2,isValid
FNF:1
FNH:1
FNDA:22,isValid
DA:1,1
DA:2,1
DA:3,22
DA:4,2
DA:5,2
DA:6,20
DA:7,20
DA:8,20
DA:9,20
DA:10,1
DA:11,1
DA:12,1
LF:12
LH:12
BRDA:2,0,0,22
BRDA:3,1,0,2
BRDA:5,2,0,20
BRF:3
BRH:3
end_of_record
TN:
SF:tests\mocks\controllers-mocks.js
FN:11,requestMockByParam
FN:32,status
FN:34,json
FNF:3
FNH:3
FNDA:8,requestMockByParam
FNDA:15,status
FNDA:15,json
DA:1,1
DA:2,1
DA:3,1
DA:4,1
DA:5,1
DA:6,1
DA:7,1
DA:8,1
DA:9,1
DA:10,1
DA:11,1
DA:12,8
DA:13,8
DA:14,8
DA:15,8
DA:16,1
DA:17,1
DA:18,1
DA:19,1
DA:20,1
DA:21,1
DA:22,1
DA:23,1
DA:24,1
DA:25,1
DA:26,1
DA:27,1
DA:28,1
DA:29,1
DA:30,1
DA:31,1
DA:32,1
DA:33,15
DA:34,15
DA:35,15
DA:36,15
DA:37,15
DA:38,15
DA:39,15
DA:40,15
DA:41,15
DA:42,1
DA:43,1
DA:44,1
DA:45,1
DA:46,1
DA:47,1
DA:48,1
DA:49,1
DA:50,1
DA:51,1
LF:51
LH:51
BRDA:11,0,0,8
BRDA:32,1,0,15
BRDA:34,2,0,15
BRF:3
BRH:3
end_of_record
